# Preference setting overrides
gui_create_pref_key -category {Globals} -key {load_detail_for_funcov} -value_type {bool} -value {false}
gui_create_pref_category -category {schem_obj_name}
gui_create_pref_key -category {schem_obj_name} -key {show_cell_and_pin_with_symbol_name} -value_type {bool} -value {false}
gui_create_pref_key -category {schem_pin_hc} -key {textExtFont} -value_type {string} -value {Helvetica,10,-1,5,50,0,0,0,0,0}

# State setting overrides
gui_state_default_create -off -ini
gui_set_state_value -category Globals -key recent_databases -value {{gui_open_db -file /home/albert/BTL_code/labthi/lab5/testbench/lab5.vpd -design V1} {gui_open_db -file /home/albert/BTL_code/labALU/ALU.vpd -design V2} {gui_open_db -file /home/albert/BTL_code/labALU/ALU.vpd -design V1} {gui_open_db -file /home/albert/BTL_code/lab5/testbench/lab5_caitien_row.vpd -design V1} {gui_open_db -file /home/albert/BTL_code/lab3/testbench/lab3.vpd -design V1}}
gui_set_state_value -category Globals -key recent_sessions -value {{gui_load_session -ignore_errors -file /home/albert/BTL_code/lab1_1/design/DVEfiles/dve_checkpoint_60051_1.tcl}}
gui_set_state_value -category Layout -key child_console_size_x -value 799
gui_set_state_value -category Layout -key child_console_size_y -value 167
gui_set_state_value -category Layout -key child_data_coltype -value 97
gui_set_state_value -category Layout -key child_data_colvalue -value 84
gui_set_state_value -category Layout -key child_data_colvariable -value 176
gui_set_state_value -category Layout -key child_data_size_x -value 333
gui_set_state_value -category Layout -key child_data_size_y -value 184
gui_set_state_value -category Layout -key child_driver_size_x -value 499
gui_set_state_value -category Layout -key child_driver_size_y -value 179
gui_set_state_value -category Layout -key child_hier_col3 -value {-1}
gui_set_state_value -category Layout -key child_hier_colhier -value 251
gui_set_state_value -category Layout -key child_hier_colpd -value 0
gui_set_state_value -category Layout -key child_hier_coltype -value 109
gui_set_state_value -category Layout -key child_hier_size_x -value 337
gui_set_state_value -category Layout -key child_hier_size_y -value 184
gui_set_state_value -category Layout -key child_memory_docknewline -value false
gui_set_state_value -category Layout -key child_memory_pos_x -value {-2}
gui_set_state_value -category Layout -key child_memory_pos_y -value {-15}
gui_set_state_value -category Layout -key child_memory_size_x -value 132
gui_set_state_value -category Layout -key child_memory_size_y -value 179
gui_set_state_value -category Layout -key child_schematic_docknewline -value false
gui_set_state_value -category Layout -key child_schematic_pos_x -value {-2}
gui_set_state_value -category Layout -key child_schematic_pos_y -value {-15}
gui_set_state_value -category Layout -key child_schematic_size_x -value 688
gui_set_state_value -category Layout -key child_schematic_size_y -value 394
gui_set_state_value -category Layout -key child_source_docknewline -value false
gui_set_state_value -category Layout -key child_source_pos_x -value {-2}
gui_set_state_value -category Layout -key child_source_pos_y -value {-15}
gui_set_state_value -category Layout -key child_source_size_x -value 132
gui_set_state_value -category Layout -key child_source_size_y -value 179
gui_set_state_value -category Layout -key child_wave_colname -value 153
gui_set_state_value -category Layout -key child_wave_colvalue -value 56
gui_set_state_value -category Layout -key child_wave_left -value 213
gui_set_state_value -category Layout -key child_wave_right -value 520
gui_set_state_value -category Layout -key main_pos_x -value 2
gui_set_state_value -category Layout -key main_pos_y -value 60
gui_set_state_value -category Layout -key main_size_x -value 801
gui_set_state_value -category Layout -key main_size_y -value 570
gui_set_state_value -category Layout -key stand_schematic_child_docknewline -value false
gui_set_state_value -category Layout -key stand_schematic_child_pos_x -value {-2}
gui_set_state_value -category Layout -key stand_schematic_child_pos_y -value {-15}
gui_set_state_value -category Layout -key stand_schematic_child_size_x -value 504
gui_set_state_value -category Layout -key stand_schematic_child_size_y -value 186
gui_set_state_value -category Layout -key stand_schematic_top_pos_x -value 298
gui_set_state_value -category Layout -key stand_schematic_top_pos_y -value 167
gui_set_state_value -category Layout -key stand_schematic_top_size_x -value 797
gui_set_state_value -category Layout -key stand_schematic_top_size_y -value 566
gui_set_state_value -category Layout -key stand_source_child_docknewline -value false
gui_set_state_value -category Layout -key stand_source_child_pos_x -value {-2}
gui_set_state_value -category Layout -key stand_source_child_pos_y -value {-15}
gui_set_state_value -category Layout -key stand_source_child_size_x -value 128
gui_set_state_value -category Layout -key stand_source_child_size_y -value 177
gui_set_state_value -category Layout -key stand_source_top_pos_x -value 139
gui_set_state_value -category Layout -key stand_source_top_pos_y -value 167
gui_set_state_value -category Layout -key stand_source_top_size_x -value 638
gui_set_state_value -category Layout -key stand_source_top_size_y -value 566
gui_set_state_value -category Layout -key stand_wave_child_docknewline -value false
gui_set_state_value -category Layout -key stand_wave_child_pos_x -value {-2}
gui_set_state_value -category Layout -key stand_wave_child_pos_y -value {-15}
gui_set_state_value -category Layout -key stand_wave_child_size_x -value 743
gui_set_state_value -category Layout -key stand_wave_child_size_y -value 342
gui_set_state_value -category Layout -key stand_wave_top_pos_x -value 30
gui_set_state_value -category Layout -key stand_wave_top_pos_y -value 144
gui_set_state_value -category Layout -key stand_wave_top_size_x -value 768
gui_set_state_value -category Layout -key stand_wave_top_size_y -value 650
gui_set_state_value -category Sim -key linkC1toSim -value false
gui_create_state_key -category FindDialog -key m_pMatchCase -value_type bool -value false
gui_create_state_key -category FindDialog -key m_pMatchWord -value_type bool -value false
gui_create_state_key -category FindDialog -key m_pUseCombo -value_type string -value {}
gui_create_state_key -category FindDialog -key m_pWrapAround -value_type bool -value true
gui_create_state_key -category Widget_History -key TopLevel.1|qt_left_dock|DockWnd2|DLPane.1|pages|Data.1|hbox|textfilter -value_type string -value {k1 *k1 {}}
gui_create_state_key -category SearchDialog -key MatchCase -value_type bool -value false
gui_create_state_key -category SearchDialog -key MatchWord -value_type bool -value true
gui_create_state_key -category SearchDialog -key SearchMode -value_type string -value Wildcards
gui_create_state_key -category SearchDialog -key UseCombo -value_type bool -value true
gui_state_default_create -off

# Begin command logging
gui_open_db -file /home/albert/Desktop/levandung/03_verif/verif/scripts/verilog.dump -design V1
gui_list_expand -id  Hier.1   testtop
gui_list_select -id Hier.1 -current_item_name testtop.counter_inst -current_item_type Scope  -selected  { testtop.counter_inst   }
gui_list_expand -id  Hier.1   testtop.counter_inst
gui_list_select -id Hier.1 -current_item_name testtop.counter_inst.add1_inst -current_item_type Scope  -selected  { testtop.counter_inst.add1_inst   }
gui_list_select -id Hier.1 -current_item_name testtop.counter_inst.ff_inst -current_item_type Scope  -selected  { testtop.counter_inst.ff_inst   }
gui_list_select -id Hier.1 -current_item_name testtop.counter_inst.add1_inst -current_item_type Scope  -selected  { testtop.counter_inst.add1_inst   }
gui_list_select -id Hier.1 -current_item_name testtop.counter_inst.ff_inst -current_item_type Scope  -selected  { testtop.counter_inst.ff_inst   }
gui_list_select -id Hier.1 -current_item_name testtop.counter_inst.add1_inst -current_item_type Scope  -selected  { testtop.counter_inst.add1_inst   }
gui_list_select -id Hier.1 -current_item_name testtop.counter_inst -current_item_type Scope  -selected  { testtop.counter_inst   }
gui_list_select -id Data.1 -selected  { {testtop.counter_inst.out[15:0]}   }
gui_list_expand -id  Data.1   {testtop.counter_inst.out[15:0]}
gui_list_collapse -id  Data.1   {testtop.counter_inst.out[15:0]}
gui_open_window Wave
gui_list_add -id Wave.1 -from Data.1 { {testtop.counter_inst.out[15:0]} } -insertionbar
gui_marker_move -id  Wave.1 C1 15
gui_marker_move -id  Wave.1 C1 25
gui_marker_move -id  Wave.1 C1 35
gui_marker_move -id  Wave.1 C1 35
gui_marker_move -id  Wave.1 C1 55
gui_marker_select -id  Wave.1 { C1 }
gui_marker_move -id  Wave.1 C1 75
gui_marker_move -id  Wave.1 C1 75
gui_marker_move -id  Wave.1 C1 85
gui_marker_move -id  Wave.1 C1 100
gui_marker_move -id  Wave.1 C1 83
gui_list_select -id Data.1 -selected  { {testtop.counter_inst.cnt_add1[15:0]}   }
gui_list_select -id Hier.1 -current_item_name testtop.counter_inst.add1_inst -current_item_type Scope  -selected  { testtop.counter_inst.add1_inst   }
gui_list_show_data -select -id  Hier.1   testtop.counter_inst.add1_inst
gui_list_select -id Hier.1 -current_item_name testtop.counter_inst.ff_inst -current_item_type Scope  -selected  { testtop.counter_inst.ff_inst   }
gui_list_select -id Hier.1 -current_item_name testtop.counter_inst.add1_inst -current_item_type Scope  -selected  { testtop.counter_inst.add1_inst   }
gui_list_select -id Data.1 -selected  { {testtop.counter_inst.add1_inst.out[15:0]}   }
gui_list_select -id Hier.1 -current_item_name testtop.counter_inst.ff_inst -current_item_type Scope  -selected  { testtop.counter_inst.ff_inst   }
gui_list_select -id Data.1 -selected  { {testtop.counter_inst.ff_inst.out[15:0]}   }
gui_list_add -id Wave.1 -from Data.1 { {testtop.counter_inst.ff_inst.out[15:0]} } -insertionbar
gui_list_select -id Data.1 -selected  { {testtop.counter_inst.ff_inst.in[15:0]}   }
gui_list_select -id Data.1 -selected  { testtop.counter_inst.ff_inst.clk   }
gui_list_show_data -select -id  Data.1   testtop.counter_inst.ff_inst.clk
gui_list_select -id Data.1 -selected  { {testtop.counter_inst.ff_inst.out[15:0]}   }
gui_list_select -id Data.1 -selected  { testtop.counter_inst.ff_inst.clk   }
gui_list_add -id Wave.1 -from Data.1 { testtop.counter_inst.ff_inst.clk } -insertionbar
gui_marker_move -id  Wave.1 C1 32
gui_wv_zoom_timerange -id  Wave.1 4 9
gui_wv_scroll_hslidermove -id  Wave.1 0
gui_wv_scroll_hslidermove -id  Wave.1 72
gui_wv_scroll_hslidermove -id  Wave.1 144
gui_wv_scroll_hslidermove -id  Wave.1 216
gui_wv_scroll_hslidermove -id  Wave.1 288
gui_wv_scroll_hslidermove -id  Wave.1 360
gui_wv_scroll_hslidermove -id  Wave.1 432
gui_wv_scroll_hslidermove -id  Wave.1 504
gui_wv_scroll_hslidermove -id  Wave.1 576
gui_wv_scroll_hslidermove -id  Wave.1 648
gui_wv_scroll_hslidermove -id  Wave.1 720
gui_wv_scroll_hslidermove -id  Wave.1 792
gui_wv_scroll_hslidermove -id  Wave.1 864
gui_wv_scroll_hslidermove -id  Wave.1 1008
gui_wv_scroll_hslidermove -id  Wave.1 1080
gui_wv_scroll_hslidermove -id  Wave.1 1152
gui_wv_scroll_hslidermove -id  Wave.1 1224
gui_wv_scroll_hslidermove -id  Wave.1 1368
gui_wv_scroll_hslidermove -id  Wave.1 1440
gui_wv_scroll_hslidermove -id  Wave.1 1512
gui_wv_scroll_hslidermove -id  Wave.1 1584
gui_marker_move -id  Wave.1 C1 17
gui_wv_scroll_hslidermove -id  Wave.1 1656
gui_wv_scroll_hslidermove -id  Wave.1 1800
gui_wv_scroll_hslidermove -id  Wave.1 1872
gui_wv_scroll_hslidermove -id  Wave.1 1944
gui_wv_scroll_hslidermove -id  Wave.1 2016
gui_wv_scroll_hslidermove -id  Wave.1 2160
gui_zoom -window Wave.1 -factor 2
gui_zoom -window Wave.1 -factor 2
gui_zoom -window Wave.1 -factor 2
gui_zoom -window Wave.1 -factor 0.5
gui_zoom -window Wave.1 -factor 0.5
gui_zoom -window Wave.1 -factor 0.5
gui_zoom -window Wave.1 -factor 0.5
gui_zoom -window Wave.1 -factor 0.5
gui_zoom -window Wave.1 -factor 0.5
gui_wv_scroll_hslidermove -id  Wave.1 230
gui_wv_scroll_hslidermove -id  Wave.1 0
gui_wv_scroll_hslidermove -id  Wave.1 0
gui_list_select -id Wave.1 -selected  { {testtop.counter_inst.out[15:0]}   }
gui_delete_selected -id  Wave.1
gui_wv_scroll_hslidermove -id  Wave.1 0
gui_marker_move -id  Wave.1 C1 0
gui_list_collapse -id  Hier.1   testtop
gui_list_expand -id  Hier.1   testtop
gui_list_select -id Data.1 -selected  { {testtop.counter_inst.ff_inst.in[15:0]}   }
gui_list_expand -id  Data.1   {testtop.counter_inst.ff_inst.in[15:0]}
gui_list_collapse -id  Data.1   {testtop.counter_inst.ff_inst.in[15:0]}
gui_list_expand -id  Data.1   {testtop.counter_inst.ff_inst.out[15:0]}
gui_list_collapse -id  Data.1   {testtop.counter_inst.ff_inst.out[15:0]}
gui_wv_zoom_timerange -id  Wave.1 0 174
gui_close_window -window Wave.1
gui_open_db -file /home/albert/Desktop/levandung/03_verif/verif/scripts/verilog.dump -design V2
gui_list_select -id Hier.1 -current_item_name V1:testtop -current_item_type Scope  -selected  { V1:testtop   }
gui_list_select -id Hier.1 -current_item_name V1:testtop.counter_inst.add1_inst -current_item_type Scope  -selected  { V1:testtop.counter_inst.add1_inst   }
gui_list_select -id Hier.1 -current_item_name V1:testtop -current_item_type Scope  -selected  { V1:testtop   }
gui_open_window Wave
gui_list_add -id Wave.1 -from Hier.1 { V1:testtop } -insertionbar
gui_wv_zoom_timerange -id  Wave.1 0 445
gui_wv_zoom_timerange -id  Wave.1 0 164
gui_wv_zoom_timerange -id  Wave.1 0 445
gui_marker_move -id  Wave.1 C1 34
gui_list_select -id Wave.1 -selected  { {V1:testtop.out[15:0]}   }
gui_list_select -id Wave.1 -selected  { {New Group}   }
gui_list_select -id Wave.1 -selected  {  }
gui_marker_move -id  Wave.1 C1 25
gui_marker_move -id  Wave.1 C1 15
gui_marker_move -id  Wave.1 C1 10
gui_marker_move -id  Wave.1 C1 240
gui_close_window -window Wave.1
gui_open_db -file /home/albert/Desktop/levandung/03_verif/verif/scripts/verilog.dump -design V3
gui_list_select -id Hier.1 -current_item_name V1:testtop.counter_inst.ff_inst -current_item_type Scope  -selected  { V1:testtop.counter_inst.ff_inst   }
gui_list_select -id Hier.1 -current_item_name V1:testtop.counter_inst.add1_inst -current_item_type Scope  -selected  { V1:testtop.counter_inst.add1_inst   }
gui_list_select -id Hier.1 -current_item_name V1:testtop.counter_inst.ff_inst -current_item_type Scope  -selected  { V1:testtop.counter_inst.ff_inst   }
gui_list_select -id Hier.1 -current_item_name V1:testtop.counter_inst.add1_inst -current_item_type Scope  -selected  { V1:testtop.counter_inst.add1_inst   }
gui_list_select -id Hier.1 -current_item_name V1:testtop.counter_inst -current_item_type Scope  -selected  { V1:testtop.counter_inst   }
gui_list_select -id Hier.1 -current_item_name V1:testtop.counter_inst.add1_inst -current_item_type Scope  -selected  { V1:testtop.counter_inst.add1_inst   }
gui_list_select -id Hier.1 -current_item_name V1:testtop.counter_inst.ff_inst -current_item_type Scope  -selected  { V1:testtop.counter_inst.ff_inst   }
gui_list_select -id Hier.1 -current_item_name V1:testtop.counter_inst -current_item_type Scope  -selected  { V1:testtop.counter_inst   }
gui_list_select -id Hier.1 -current_item_name V1:testtop -current_item_type Scope  -selected  { V1:testtop   }
gui_list_select -id Hier.1 -current_item_name V1:testtop.counter_inst -current_item_type Scope  -selected  { V1:testtop.counter_inst   }
gui_list_select -id Hier.1 -current_item_name V1:testtop -current_item_type Scope  -selected  { V1:testtop   }
gui_list_select -id Data.1 -selected  { V1:testtop.clk   }
gui_list_select -id Data.1 -selected  { {V1:testtop.out[15:0]}   }
gui_list_select -id Data.1 -selected  { V1:testtop.clk  {V1:testtop.out[15:0]}   }
gui_open_window Wave
gui_list_add -id Wave.1 -from Data.1 { V1:testtop.clk {V1:testtop.out[15:0]} } -insertionbar
gui_wv_zoom_timerange -id  Wave.1 0 445
gui_list_select -id Wave.1 -selected  { {V1:testtop.out[15:0]}   }
gui_list_set_selected_property -id Wave.1 -radix binary
gui_list_select -id Wave.1 -selected  { V1:testtop.clk   }
gui_list_expand -id  Wave.1   {V1:testtop.out[15:0]}
gui_marker_move -id  Wave.1 C1 25
gui_list_collapse -id  Wave.1   {V1:testtop.out[15:0]}
gui_wv_scroll_hslidermove -id  Wave.1 0
gui_wv_scroll_hslidermove -id  Wave.1 0
gui_wv_scroll_hslidermove -id  Wave.1 0
gui_zoom -window Wave.1 -factor 0.5
gui_zoom -window Wave.1 -factor 2
gui_zoom -window Wave.1 -factor 2
gui_zoom -window Wave.1 -factor 2
gui_zoom -window Wave.1 -factor 2
gui_zoom -window Wave.1 -factor 0.5
gui_marker_move -id  Wave.1 C1 61
gui_marker_move -id  Wave.1 C1 13
gui_wv_zoom_timerange -id  Wave.1 0 10
gui_wv_scroll_hslidermove -id  Wave.1 0
gui_marker_move -id  Wave.1 C1 1
gui_zoom -window Wave.1 -factor 0.5
gui_zoom -window Wave.1 -factor 0.5
gui_zoom -window Wave.1 -factor 0.5
gui_zoom -window Wave.1 -factor 0.5
gui_wv_scroll_hslidermove -id  Wave.1 0
gui_marker_move -id  Wave.1 C1 98
gui_zoom -window Wave.1 -factor 2
gui_zoom -window Wave.1 -factor 2
gui_zoom -window Wave.1 -factor 2
gui_zoom -window Wave.1 -factor 0.5
gui_zoom -window Wave.1 -factor 0.5
gui_zoom -window Wave.1 -factor 0.5
gui_zoom -window Wave.1 -factor 0.5
gui_zoom -window Wave.1 -factor 2
gui_zoom -window Wave.1 -factor 2
gui_zoom -window Wave.1 -factor 2
gui_zoom -window Wave.1 -factor 0.5
gui_zoom -window Wave.1 -factor 0.5
gui_zoom -window Wave.1 -factor 0.5
gui_zoom -window Wave.1 -factor 0.5
gui_zoom -window Wave.1 -factor 0.5
gui_zoom -window Wave.1 -factor 0.5
gui_zoom -window Wave.1 -factor 2
gui_zoom -window Wave.1 -factor 2
gui_zoom -window Wave.1 -factor 2
gui_zoom -window Wave.1 -factor 2
gui_zoom -window Wave.1 -factor 2
gui_zoom -window Wave.1 -factor 2
gui_zoom -window Wave.1 -factor 2
gui_zoom -window Wave.1 -factor 2
gui_zoom -window Wave.1 -factor 2
gui_zoom -window Wave.1 -factor 2
gui_zoom -window Wave.1 -factor 2
gui_zoom -window Wave.1 -factor 2
gui_zoom -window Wave.1 -factor 2
gui_zoom -window Wave.1 -factor 0.5
gui_zoom -window Wave.1 -factor 0.5
gui_zoom -window Wave.1 -factor 0.5
gui_zoom -window Wave.1 -factor 0.5
gui_zoom -window Wave.1 -factor 0.5
gui_zoom -window Wave.1 -factor 0.5
gui_zoom -window Wave.1 -factor 0.5
gui_zoom -window Wave.1 -factor 0.5
gui_zoom -window Wave.1 -factor 0.5
gui_zoom -window Wave.1 -factor 2
gui_zoom -window Wave.1 -factor 2
gui_zoom -window Wave.1 -factor 2
gui_zoom -window Wave.1 -factor 2
gui_zoom -window Wave.1 -factor 0.5
gui_zoom -window Wave.1 -factor 0.5
gui_list_select -id Wave.1 -selected  { {V1:testtop.out[15:0]}   }
gui_list_set_selected_property -id Wave.1 -radix decimal
gui_marker_move -id  Wave.1 C1 55
gui_wv_scroll_hslidermove -id  Wave.1 0
gui_wv_scroll_hslidermove -id  Wave.1 0
gui_marker_move -id  Wave.1 C1 10
gui_marker_move -id  Wave.1 C1 5
gui_marker_move -id  Wave.1 C1 79
gui_marker_move -id  Wave.1 C1 112
gui_wv_scroll_hslidermove -id  Wave.1 0
gui_marker_move -id  Wave.1 C1 20
gui_marker_move -id  Wave.1 C1 147
gui_marker_move -id  Wave.1 C1 51
gui_marker_move -id  Wave.1 C1 75
gui_marker_move -id  Wave.1 C1 113
gui_close_window -window TopLevel.3
gui_marker_move -id  Wave.1 C1 104
gui_marker_move -id  Wave.1 C1 31
gui_wv_zoom_timerange -id  Wave.1 0 75
gui_close_window -window Wave.1
gui_close_window -window TopLevel.4
gui_close_window -window TopLevel.1
